Importer Log Report
Project : PADS Libraries.PrjPcb

Section : Library - C:\Users\akshd\Documents\SamacSys\Downloads\47346-1001\47346-0001.d
    Section : Load Messages
    EndSection

    Section : Import Messages
        Warning : WARNING: PADS Layer [L1-Top Layer] mapped to Protel layer: L0 (Multiple PADS layers...)
        Warning : WARNING: PADS Layer [L27-Assembly Drawing Top] mapped to Protel layer: L15 (Multiple PADS layers...)
        Warning : WARNING: PADS Layer [L30-Assembly Drawing Bottom] mapped to Protel layer: L16 (Multiple PADS layers...)
        Warning : WARNING: PADS Layer [L121-Solder Mask Top] mapped to Protel layer: L21-Solder Mask Top (Multiple PADS layers...)
        Warning : WARNING: PADS Layer [L122-Paste Mask Bottom] mapped to Protel layer: L22-Paste Mask Bottom (Multiple PADS layers...)
        Warning : WARNING: PADS Layer [L123-Paste Mask Top] mapped to Protel layer: L23-Paste Mask Top (Multiple PADS layers...)
        Warning : WARNING: PADS Layer [L124-Drill Drawing] mapped to Protel layer: L24-Drill Drawing (Multiple PADS layers...)
        Warning : WARNING: PADS Layer [L125] mapped to Protel layer: L25 (Multiple PADS layers...)
        Warning : WARNING: PADS Layer [L126-Silk Screen Top] mapped to Protel layer: L26-Silk Screen Top (Multiple PADS layers...)
        Warning : WARNING: PADS Layer [L127-Assembly Drawing Top] mapped to Protel layer: L15 (Multiple PADS layers...)
        Warning : WARNING: PADS Layer [L128-Solder Mask Bottom] mapped to Protel layer: L28-Solder Mask Bottom (Multiple PADS layers...)
        Warning : WARNING: PADS Layer [L129-Silk Bottom] mapped to Protel layer: L29-Silk Bottom (Multiple PADS layers...)
        Warning : WARNING: PADS Layer [L130-Assembly Drawing Bottom] mapped to Protel layer: L16 (Multiple PADS layers...)
    EndSection
EndSection

Section : Library - C:\Users\akshd\Documents\SamacSys\Downloads\ATMEGA328P-AU\QFP80P900X900X120-32N.d
    Section : Load Messages
    EndSection

    Section : Import Messages
        Warning : WARNING: PADS Layer [L1-Top Layer] mapped to Protel layer: L0 (Multiple PADS layers...)
        Warning : WARNING: PADS Layer [L27-Assembly Drawing Top] mapped to Protel layer: L15 (Multiple PADS layers...)
        Warning : WARNING: PADS Layer [L30-Assembly Drawing Bottom] mapped to Protel layer: L16 (Multiple PADS layers...)
        Warning : WARNING: PADS Layer [L121-Solder Mask Top] mapped to Protel layer: L21-Solder Mask Top (Multiple PADS layers...)
        Warning : WARNING: PADS Layer [L122-Paste Mask Bottom] mapped to Protel layer: L22-Paste Mask Bottom (Multiple PADS layers...)
        Warning : WARNING: PADS Layer [L123-Paste Mask Top] mapped to Protel layer: L23-Paste Mask Top (Multiple PADS layers...)
        Warning : WARNING: PADS Layer [L124-Drill Drawing] mapped to Protel layer: L24-Drill Drawing (Multiple PADS layers...)
        Warning : WARNING: PADS Layer [L125] mapped to Protel layer: L25 (Multiple PADS layers...)
        Warning : WARNING: PADS Layer [L126-Silk Screen Top] mapped to Protel layer: L26-Silk Screen Top (Multiple PADS layers...)
        Warning : WARNING: PADS Layer [L127-Assembly Drawing Top] mapped to Protel layer: L15 (Multiple PADS layers...)
        Warning : WARNING: PADS Layer [L128-Solder Mask Bottom] mapped to Protel layer: L28-Solder Mask Bottom (Multiple PADS layers...)
        Warning : WARNING: PADS Layer [L129-Silk Bottom] mapped to Protel layer: L29-Silk Bottom (Multiple PADS layers...)
        Warning : WARNING: PADS Layer [L130-Assembly Drawing Bottom] mapped to Protel layer: L16 (Multiple PADS layers...)
    EndSection
EndSection

Section : Library - C:\Users\akshd\Documents\SamacSys\Downloads\CRCW12063K30FKEAC\RESC3216X60N.d
    Section : Load Messages
    EndSection

    Section : Import Messages
        Warning : WARNING: PADS Layer [L1-Top Layer] mapped to Protel layer: L0 (Multiple PADS layers...)
        Warning : WARNING: PADS Layer [L27-Assembly Drawing Top] mapped to Protel layer: L15 (Multiple PADS layers...)
        Warning : WARNING: PADS Layer [L30-Assembly Drawing Bottom] mapped to Protel layer: L16 (Multiple PADS layers...)
        Warning : WARNING: PADS Layer [L121-Solder Mask Top] mapped to Protel layer: L21-Solder Mask Top (Multiple PADS layers...)
        Warning : WARNING: PADS Layer [L122-Paste Mask Bottom] mapped to Protel layer: L22-Paste Mask Bottom (Multiple PADS layers...)
        Warning : WARNING: PADS Layer [L123-Paste Mask Top] mapped to Protel layer: L23-Paste Mask Top (Multiple PADS layers...)
        Warning : WARNING: PADS Layer [L124-Drill Drawing] mapped to Protel layer: L24-Drill Drawing (Multiple PADS layers...)
        Warning : WARNING: PADS Layer [L125] mapped to Protel layer: L25 (Multiple PADS layers...)
        Warning : WARNING: PADS Layer [L126-Silk Screen Top] mapped to Protel layer: L26-Silk Screen Top (Multiple PADS layers...)
        Warning : WARNING: PADS Layer [L127-Assembly Drawing Top] mapped to Protel layer: L15 (Multiple PADS layers...)
        Warning : WARNING: PADS Layer [L128-Solder Mask Bottom] mapped to Protel layer: L28-Solder Mask Bottom (Multiple PADS layers...)
        Warning : WARNING: PADS Layer [L129-Silk Bottom] mapped to Protel layer: L29-Silk Bottom (Multiple PADS layers...)
        Warning : WARNING: PADS Layer [L130-Assembly Drawing Bottom] mapped to Protel layer: L16 (Multiple PADS layers...)
    EndSection
EndSection

Section : Library - C:\Users\akshd\Documents\SamacSys\Downloads\FT232RL-REEL\SOP65P780X200-28N.d
    Section : Load Messages
    EndSection

    Section : Import Messages
        Warning : WARNING: PADS Layer [L1-Top Layer] mapped to Protel layer: L0 (Multiple PADS layers...)
        Warning : WARNING: PADS Layer [L27-Assembly Drawing Top] mapped to Protel layer: L15 (Multiple PADS layers...)
        Warning : WARNING: PADS Layer [L30-Assembly Drawing Bottom] mapped to Protel layer: L16 (Multiple PADS layers...)
        Warning : WARNING: PADS Layer [L121-Solder Mask Top] mapped to Protel layer: L21-Solder Mask Top (Multiple PADS layers...)
        Warning : WARNING: PADS Layer [L122-Paste Mask Bottom] mapped to Protel layer: L22-Paste Mask Bottom (Multiple PADS layers...)
        Warning : WARNING: PADS Layer [L123-Paste Mask Top] mapped to Protel layer: L23-Paste Mask Top (Multiple PADS layers...)
        Warning : WARNING: PADS Layer [L124-Drill Drawing] mapped to Protel layer: L24-Drill Drawing (Multiple PADS layers...)
        Warning : WARNING: PADS Layer [L125] mapped to Protel layer: L25 (Multiple PADS layers...)
        Warning : WARNING: PADS Layer [L126-Silk Screen Top] mapped to Protel layer: L26-Silk Screen Top (Multiple PADS layers...)
        Warning : WARNING: PADS Layer [L127-Assembly Drawing Top] mapped to Protel layer: L15 (Multiple PADS layers...)
        Warning : WARNING: PADS Layer [L128-Solder Mask Bottom] mapped to Protel layer: L28-Solder Mask Bottom (Multiple PADS layers...)
        Warning : WARNING: PADS Layer [L129-Silk Bottom] mapped to Protel layer: L29-Silk Bottom (Multiple PADS layers...)
        Warning : WARNING: PADS Layer [L130-Assembly Drawing Bottom] mapped to Protel layer: L16 (Multiple PADS layers...)
    EndSection
EndSection

Section : Library - C:\Users\akshd\Documents\SamacSys\Downloads\MCP2515-E_SO\SOIC127P1030X265-18N.d
    Section : Load Messages
    EndSection

    Section : Import Messages
        Warning : WARNING: PADS Layer [L1-Top Layer] mapped to Protel layer: L0 (Multiple PADS layers...)
        Warning : WARNING: PADS Layer [L27-Assembly Drawing Top] mapped to Protel layer: L15 (Multiple PADS layers...)
        Warning : WARNING: PADS Layer [L30-Assembly Drawing Bottom] mapped to Protel layer: L16 (Multiple PADS layers...)
        Warning : WARNING: PADS Layer [L121-Solder Mask Top] mapped to Protel layer: L21-Solder Mask Top (Multiple PADS layers...)
        Warning : WARNING: PADS Layer [L122-Paste Mask Bottom] mapped to Protel layer: L22-Paste Mask Bottom (Multiple PADS layers...)
        Warning : WARNING: PADS Layer [L123-Paste Mask Top] mapped to Protel layer: L23-Paste Mask Top (Multiple PADS layers...)
        Warning : WARNING: PADS Layer [L124-Drill Drawing] mapped to Protel layer: L24-Drill Drawing (Multiple PADS layers...)
        Warning : WARNING: PADS Layer [L125] mapped to Protel layer: L25 (Multiple PADS layers...)
        Warning : WARNING: PADS Layer [L126-Silk Screen Top] mapped to Protel layer: L26-Silk Screen Top (Multiple PADS layers...)
        Warning : WARNING: PADS Layer [L127-Assembly Drawing Top] mapped to Protel layer: L15 (Multiple PADS layers...)
        Warning : WARNING: PADS Layer [L128-Solder Mask Bottom] mapped to Protel layer: L28-Solder Mask Bottom (Multiple PADS layers...)
        Warning : WARNING: PADS Layer [L129-Silk Bottom] mapped to Protel layer: L29-Silk Bottom (Multiple PADS layers...)
        Warning : WARNING: PADS Layer [L130-Assembly Drawing Bottom] mapped to Protel layer: L16 (Multiple PADS layers...)
    EndSection
EndSection

Section : Library - C:\Users\akshd\Documents\SamacSys\Downloads\MF-MSMF050-2\FUSC4632X85N.d
    Section : Load Messages
    EndSection

    Section : Import Messages
        Warning : WARNING: PADS Layer [L1-Top Layer] mapped to Protel layer: L0 (Multiple PADS layers...)
        Warning : WARNING: PADS Layer [L27-Assembly Drawing Top] mapped to Protel layer: L15 (Multiple PADS layers...)
        Warning : WARNING: PADS Layer [L30-Assembly Drawing Bottom] mapped to Protel layer: L16 (Multiple PADS layers...)
        Warning : WARNING: PADS Layer [L121-Solder Mask Top] mapped to Protel layer: L21-Solder Mask Top (Multiple PADS layers...)
        Warning : WARNING: PADS Layer [L122-Paste Mask Bottom] mapped to Protel layer: L22-Paste Mask Bottom (Multiple PADS layers...)
        Warning : WARNING: PADS Layer [L123-Paste Mask Top] mapped to Protel layer: L23-Paste Mask Top (Multiple PADS layers...)
        Warning : WARNING: PADS Layer [L124-Drill Drawing] mapped to Protel layer: L24-Drill Drawing (Multiple PADS layers...)
        Warning : WARNING: PADS Layer [L125] mapped to Protel layer: L25 (Multiple PADS layers...)
        Warning : WARNING: PADS Layer [L126-Silk Screen Top] mapped to Protel layer: L26-Silk Screen Top (Multiple PADS layers...)
        Warning : WARNING: PADS Layer [L127-Assembly Drawing Top] mapped to Protel layer: L15 (Multiple PADS layers...)
        Warning : WARNING: PADS Layer [L128-Solder Mask Bottom] mapped to Protel layer: L28-Solder Mask Bottom (Multiple PADS layers...)
        Warning : WARNING: PADS Layer [L129-Silk Bottom] mapped to Protel layer: L29-Silk Bottom (Multiple PADS layers...)
        Warning : WARNING: PADS Layer [L130-Assembly Drawing Bottom] mapped to Protel layer: L16 (Multiple PADS layers...)
    EndSection
EndSection

Section : Library - C:\Users\akshd\Documents\SamacSys\Downloads\SN65HVD1050D\SOIC127P600X175-8N.d
    Section : Load Messages
    EndSection

    Section : Import Messages
        Warning : WARNING: PADS Layer [L1-Top Layer] mapped to Protel layer: L0 (Multiple PADS layers...)
        Warning : WARNING: PADS Layer [L27-Assembly Drawing Top] mapped to Protel layer: L15 (Multiple PADS layers...)
        Warning : WARNING: PADS Layer [L30-Assembly Drawing Bottom] mapped to Protel layer: L16 (Multiple PADS layers...)
        Warning : WARNING: PADS Layer [L121-Solder Mask Top] mapped to Protel layer: L21-Solder Mask Top (Multiple PADS layers...)
        Warning : WARNING: PADS Layer [L122-Paste Mask Bottom] mapped to Protel layer: L22-Paste Mask Bottom (Multiple PADS layers...)
        Warning : WARNING: PADS Layer [L123-Paste Mask Top] mapped to Protel layer: L23-Paste Mask Top (Multiple PADS layers...)
        Warning : WARNING: PADS Layer [L124-Drill Drawing] mapped to Protel layer: L24-Drill Drawing (Multiple PADS layers...)
        Warning : WARNING: PADS Layer [L125] mapped to Protel layer: L25 (Multiple PADS layers...)
        Warning : WARNING: PADS Layer [L126-Silk Screen Top] mapped to Protel layer: L26-Silk Screen Top (Multiple PADS layers...)
        Warning : WARNING: PADS Layer [L127-Assembly Drawing Top] mapped to Protel layer: L15 (Multiple PADS layers...)
        Warning : WARNING: PADS Layer [L128-Solder Mask Bottom] mapped to Protel layer: L28-Solder Mask Bottom (Multiple PADS layers...)
        Warning : WARNING: PADS Layer [L129-Silk Bottom] mapped to Protel layer: L29-Silk Bottom (Multiple PADS layers...)
        Warning : WARNING: PADS Layer [L130-Assembly Drawing Bottom] mapped to Protel layer: L16 (Multiple PADS layers...)
    EndSection
EndSection

Section : Library - C:\Users\akshd\Documents\SamacSys\Downloads\VJ1206Y104JXQPW1BC\CAPC3216X170N.d
    Section : Load Messages
    EndSection

    Section : Import Messages
        Warning : WARNING: PADS Layer [L1-Top Layer] mapped to Protel layer: L0 (Multiple PADS layers...)
        Warning : WARNING: PADS Layer [L27-Assembly Drawing Top] mapped to Protel layer: L15 (Multiple PADS layers...)
        Warning : WARNING: PADS Layer [L30-Assembly Drawing Bottom] mapped to Protel layer: L16 (Multiple PADS layers...)
        Warning : WARNING: PADS Layer [L121-Solder Mask Top] mapped to Protel layer: L21-Solder Mask Top (Multiple PADS layers...)
        Warning : WARNING: PADS Layer [L122-Paste Mask Bottom] mapped to Protel layer: L22-Paste Mask Bottom (Multiple PADS layers...)
        Warning : WARNING: PADS Layer [L123-Paste Mask Top] mapped to Protel layer: L23-Paste Mask Top (Multiple PADS layers...)
        Warning : WARNING: PADS Layer [L124-Drill Drawing] mapped to Protel layer: L24-Drill Drawing (Multiple PADS layers...)
        Warning : WARNING: PADS Layer [L125] mapped to Protel layer: L25 (Multiple PADS layers...)
        Warning : WARNING: PADS Layer [L126-Silk Screen Top] mapped to Protel layer: L26-Silk Screen Top (Multiple PADS layers...)
        Warning : WARNING: PADS Layer [L127-Assembly Drawing Top] mapped to Protel layer: L15 (Multiple PADS layers...)
        Warning : WARNING: PADS Layer [L128-Solder Mask Bottom] mapped to Protel layer: L28-Solder Mask Bottom (Multiple PADS layers...)
        Warning : WARNING: PADS Layer [L129-Silk Bottom] mapped to Protel layer: L29-Silk Bottom (Multiple PADS layers...)
        Warning : WARNING: PADS Layer [L130-Assembly Drawing Bottom] mapped to Protel layer: L16 (Multiple PADS layers...)
    EndSection
EndSection

Section : Library - C:\Users\akshd\Documents\SamacSys\Downloads\47346-1001\47346-1001.p
EndSection

Section : Library - C:\Users\akshd\Documents\SamacSys\Downloads\ATMEGA328P-AU\ATMEGA328P-AU.p
EndSection

Section : Library - C:\Users\akshd\Documents\SamacSys\Downloads\CRCW12063K30FKEAC\CRCW12063K30FKEAC.p
EndSection

Section : Library - C:\Users\akshd\Documents\SamacSys\Downloads\FT232RL-REEL\FT232RL-REEL.p
EndSection

Section : Library - C:\Users\akshd\Documents\SamacSys\Downloads\MCP2515-E_SO\MCP2515-E_SO.p
EndSection

Section : Library - C:\Users\akshd\Documents\SamacSys\Downloads\MF-MSMF050-2\MF-MSMF050-2.p
EndSection

Section : Library - C:\Users\akshd\Documents\SamacSys\Downloads\SN65HVD1050D\SN65HVD1050D.p
EndSection

Section : Library - C:\Users\akshd\Documents\SamacSys\Downloads\VJ1206Y104JXQPW1BC\VJ1206Y104JXQPW1BC.p
EndSection
